app/build/outputs/mapping/release/seeds.txt
com.bactrack.backtrack_mobile.bactrackandroidsdkdemo.AlarmNotificationReceiver
com.bactrack.backtrack_mobile.bactrackandroidsdkdemo.AlarmNotificationReceiver: AlarmNotificationReceiver()
com.bactrack.backtrack_mobile.bactrackandroidsdkdemo.BootReceiver
com.bactrack.backtrack_mobile.bactrackandroidsdkdemo.BootReceiver: BootReceiver()
com.bactrack.backtrack_mobile.bactrackandroidsdkdemo.CircleDisplay
com.bactrack.backtrack_mobile.bactrackandroidsdkdemo.CircleDisplay: CircleDisplay(android.content.Context)
com.bactrack.backtrack_mobile.bactrackandroidsdkdemo.CircleDisplay: CircleDisplay(android.content.Context,android.util.AttributeSet)
com.bactrack.backtrack_mobile.bactrackandroidsdkdemo.CircleDisplay: CircleDisplay(android.content.Context,android.util.AttributeSet,int)
com.bactrack.backtrack_mobile.bactrackandroidsdkdemo.CircleDisplay: void setUnit(java.lang.String)
com.bactrack.backtrack_mobile.bactrackandroidsdkdemo.CircleDisplay: float getValue()
com.bactrack.backtrack_mobile.bactrackandroidsdkdemo.CircleDisplay: void setAnimDuration(int)
com.bactrack.backtrack_mobile.bactrackandroidsdkdemo.CircleDisplay: float getDiameter()
com.bactrack.backtrack_mobile.bactrackandroidsdkdemo.CircleDisplay: float getRadius()
com.bactrack.backtrack_mobile.bactrackandroidsdkdemo.CircleDisplay: void setStartAngle(float)
com.bactrack.backtrack_mobile.bactrackandroidsdkdemo.CircleDisplay: float getPhase()
com.bactrack.backtrack_mobile.bactrackandroidsdkdemo.CircleDisplay: void setPhase(float)
com.bactrack.backtrack_mobile.bactrackandroidsdkdemo.CircleDisplay: void setDrawInnerCircle(boolean)
com.bactrack.backtrack_mobile.bactrackandroidsdkdemo.CircleDisplay: void setDrawText(boolean)
com.bactrack.backtrack_mobile.bactrackandroidsdkdemo.CircleDisplay: void setColor(int)
com.bactrack.backtrack_mobile.bactrackandroidsdkdemo.FirstScreen
com.bactrack.backtrack_mobile.bactrackandroidsdkdemo.FirstScreen: FirstScreen()
com.bactrack.backtrack_mobile.bactrackandroidsdkdemo.FirstScreen: void connectNearestClicked(android.view.View)
com.bactrack.backtrack_mobile.bactrackandroidsdkdemo.FirstScreen: void disconnectClicked(android.view.View)
com.bactrack.backtrack_mobile.bactrackandroidsdkdemo.FirstScreen: void getFirmwareVersionClicked(android.view.View)
com.bactrack.backtrack_mobile.bactrackandroidsdkdemo.FirstScreen: void getSerialNumberClicked(android.view.View)
com.bactrack.backtrack_mobile.bactrackandroidsdkdemo.FirstScreen: void requestUseCountClicked(android.view.View)
com.bactrack.backtrack_mobile.bactrackandroidsdkdemo.FirstScreen: void requestBatteryVoltageClicked(android.view.View)
com.bactrack.backtrack_mobile.bactrackandroidsdkdemo.FirstScreen: void startBlowProcessClicked(android.view.View)
com.bactrack.backtrack_mobile.bactrackandroidsdkdemo.MainActivity
com.bactrack.backtrack_mobile.bactrackandroidsdkdemo.MainActivity: MainActivity()
com.bactrack.backtrack_mobile.bactrackandroidsdkdemo.MainActivity: void onRadioButtonClicked(android.view.View)
...
android.support.v7.widget.SearchView$SearchAutoComplete
android.support.v7.widget.SearchView$SearchAutoComplete: SearchView$SearchAutoComplete(android.content.Context)
android.support.v7.widget.SearchView$SearchAutoComplete: SearchView$SearchAutoComplete(android.content.Context,android.util.AttributeSet)
android.support.v7.widget.SearchView$SearchAutoComplete: SearchView$SearchAutoComplete(android.content.Context,android.util.AttributeSet,int)
android.support.v7.widget.SearchView$SearchAutoComplete: void setSearchView(android.support.v7.widget.SearchView)
android.support.v7.widget.SearchView$SearchAutoComplete: void setThreshold(int)
android.support.v7.widget.SearchView$SearchAutoComplete: int getSearchViewTextMinWidthDp()
android.support.v7.widget.SearchView$SearchAutoComplete: void setImeVisibility(boolean)
android.support.v7.widget.StaggeredGridLayoutManager
android.support.v7.widget.StaggeredGridLayoutManager: StaggeredGridLayoutManager(android.content.Context,android.util.AttributeSet,int,int)
android.support.v7.widget.StaggeredGridLayoutManager: StaggeredGridLayoutManager(int,int)
android.support.v7.widget.StaggeredGridLayoutManager$LazySpanLookup$FullSpanItem: android.os.Parcelable$Creator CREATOR
android.support.v7.widget.StaggeredGridLayoutManager$SavedState: android.os.Parcelable$Creator CREATOR
android.support.v7.widget.SwitchCompat: void setSwitchTypeface(android.graphics.Typeface)
android.support.v7.widget.SwitchCompat: void setSwitchPadding(int)
android.support.v7.widget.SwitchCompat: int getSwitchPadding()
android.support.v7.widget.SwitchCompat: void setSwitchMinWidth(int)
android.support.v7.widget.SwitchCompat: int getSwitchMinWidth()
android.support.v7.widget.SwitchCompat: void setThumbTextPadding(int)
android.support.v7.widget.SwitchCompat: int getThumbTextPadding()
android.support.v7.widget.SwitchCompat: void setTrackDrawable(android.graphics.drawable.Drawable)
android.support.v7.widget.SwitchCompat: void setTrackResource(int)
android.support.v7.widget.SwitchCompat: android.graphics.drawable.Drawable getTrackDrawable()
android.support.v7.widget.SwitchCompat: void setTrackTintList(android.content.res.ColorStateList)
android.support.v7.widget.SwitchCompat: android.content.res.ColorStateList getTrackTintList()
android.support.v7.widget.SwitchCompat: void setTrackTintMode(android.graphics.PorterDuff$Mode)
android.support.v7.widget.SwitchCompat: android.graphics.PorterDuff$Mode getTrackTintMode()
android.support.v7.widget.SwitchCompat: void setThumbDrawable(android.graphics.drawable.Drawable)
android.support.v7.widget.SwitchCompat: void setThumbResource(int)
android.support.v7.widget.SwitchCompat: android.graphics.drawable.Drawable getThumbDrawable()
android.support.v7.widget.SwitchCompat: void setThumbTintList(android.content.res.ColorStateList)