app/build/outputs/mapping/release/mapping.txt
com.bactrack.backtrack_mobile.bactrackandroidsdkdemo.AlarmNotificationReceiver -> com.bactrack.backtrack_mobile.bactrackandroidsdkdemo.AlarmNotificationReceiver:
    void <init>() -> <init>
    void onReceive(android.content.Context,android.content.Intent) -> onReceive
com.bactrack.backtrack_mobile.bactrackandroidsdkdemo.BodyEvent -> com.bactrack.backtrack_mobile.bactrackandroidsdkdemo.a:
    int id -> a
    java.lang.String datetime -> b
    java.lang.String food -> c
    java.lang.String symptom -> d
    void <init>() -> <init>
    void <init>(int,java.lang.String,java.lang.String,java.lang.String) -> <init>
    void setId(int) -> a
    void setDateTime(java.lang.String) -> a
    void setFood(java.lang.String) -> b
    void setSymptom(java.lang.String) -> c
    int getId() -> a
    java.lang.String getDateTime() -> b
    java.lang.String getFood() -> c
    java.lang.String getSymptom() -> d
com.bactrack.backtrack_mobile.bactrackandroidsdkdemo.BootReceiver -> com.bactrack.backtrack_mobile.bactrackandroidsdkdemo.BootReceiver:
    void <init>() -> <init>
    void onReceive(android.content.Context,android.content.Intent) -> onReceive
com.bactrack.backtrack_mobile.bactrackandroidsdkdemo.CircleDisplay -> com.bactrack.backtrack_mobile.bactrackandroidsdkdemo.CircleDisplay:
    com.bactrack.backtrack_mobile.bactrackandroidsdkdemo.CustomCallback callback -> a
    java.lang.String mUnit -> b
    float mStartAngle -> c
    float mStepSize -> d
    float mAngle -> e
    float mPhase -> f
    float mValue -> g
    float mMaxValue -> h
    float mValueWidthPercent -> i
    boolean mDrawInner -> j
    boolean mDrawText -> k
    boolean mTouchEnabled -> l
    int mDimAlpha -> m
    java.text.DecimalFormat mFormatValue -> n
    java.lang.String[] mCustomText -> o
    android.graphics.RectF mCircleBox -> p
    android.graphics.Paint mArcPaint -> q
    android.graphics.Paint mInnerCirclePaint -> r
    android.graphics.Paint mTextPaint -> s
    android.animation.ObjectAnimator mDrawAnimator -> t
    boolean mBoxSetup -> u
    com.bactrack.backtrack_mobile.bactrackandroidsdkdemo.CircleDisplay$SelectionListener mListener -> v
    android.view.GestureDetector mGestureDetector -> w
    void <init>(android.content.Context) -> <init>
    void <init>(android.content.Context,android.util.AttributeSet) -> <init>
    void <init>(android.content.Context,android.util.AttributeSet,int) -> <init>
    void init() -> c
    void onDraw(android.graphics.Canvas) -> onDraw
    void drawText(android.graphics.Canvas) -> a
    void drawCustomText(android.graphics.Canvas) -> b
    void drawWholeCircle(android.graphics.Canvas) -> c
com.bactrack.backtrack_mobile.bactrackandroidsdkdemo.CircleDisplay$SelectionListener -> com.bactrack.backtrack_mobile.bactrackandroidsdkdemo.CircleDisplay$a:
    void onValueSelected(float,float) -> a
com.bactrack.backtrack_mobile.bactrackandroidsdkdemo.CircleDisplay$Utils -> com.bactrack.backtrack_mobile.bactrackandroidsdkdemo.CircleDisplay$b:
    float convertDpToPixel(android.content.res.Resources,float) -> a
com.bactrack.backtrack_mobile.bactrackandroidsdkdemo.CustomCallback -> com.bactrack.backtrack_mobile.bactrackandroidsdkdemo.b:
    void onCallback() -> a
com.bactrack.backtrack_mobile.bactrackandroidsdkdemo.DBHandler -> com.bactrack.backtrack_mobile.bactrackandroidsdkdemo.c:
    void <init>(android.content.Context) -> <init>
    void onCreate(android.database.sqlite.SQLiteDatabase) -> onCreate
    void onUpgrade(android.database.sqlite.SQLiteDatabase,int,int) -> onUpgrade
    void addDrink(com.bactrack.backtrack_mobile.bactrackandroidsdkdemo.DrinkEvent) -> a
    void addBody(com.bactrack.backtrack_mobile.bactrackandroidsdkdemo.BodyEvent) -> a
    java.util.List getAllDrinks() -> a
    java.util.List getAllBody() -> b
    java.util.List getNumDrinks(java.lang.String,java.lang.String) -> a
    float getLastBac() -> c
    void deleteDrink(java.lang.Integer) -> a
...
android.support.v7.widget.ViewBoundsCheck -> android.support.v7.widget.bv:
    android.support.v7.widget.ViewBoundsCheck$Callback mCallback -> a
    android.support.v7.widget.ViewBoundsCheck$BoundFlags mBoundFlags -> b
    void <init>(android.support.v7.widget.ViewBoundsCheck$Callback) -> <init>
    android.view.View findOneViewWithinBoundFlags(int,int,int,int) -> a
    boolean isViewWithinBoundFlags(android.view.View,int) -> a
android.support.v7.widget.ViewBoundsCheck$BoundFlags -> android.support.v7.widget.bv$a:
    int mBoundFlags -> a
    int mRvStart -> b
    int mRvEnd -> c
    int mChildStart -> d
    int mChildEnd -> e
    void <init>() -> <init>
    void setBounds(int,int,int,int) -> a
    void addFlags(int) -> a
    void resetFlags() -> a
    int compare(int,int) -> a
    boolean boundsMatch() -> b
android.support.v7.widget.ViewBoundsCheck$Callback -> android.support.v7.widget.bv$b:
    android.view.View getChildAt(int) -> a
    int getParentStart() -> a
    int getParentEnd() -> b
    int getChildStart(android.view.View) -> a
    int getChildEnd(android.view.View) -> b
android.support.v7.widget.ViewInfoStore -> android.support.v7.widget.bw:
    android.support.v4.util.ArrayMap mLayoutHolderMap -> a
    android.support.v4.util.LongSparseArray mOldChangedHolders -> b
    void <init>() -> <init>
    void clear() -> a
    void addToPreLayout(android.support.v7.widget.RecyclerView$ViewHolder,android.support.v7.widget.RecyclerView$ItemAnimator$ItemHolderInfo) -> a
    boolean isDisappearing(android.support.v7.widget.RecyclerView$ViewHolder) -> a
    android.support.v7.widget.RecyclerView$ItemAnimator$ItemHolderInfo popFromPreLayout(android.support.v7.widget.RecyclerView$ViewHolder) -> b
    android.support.v7.widget.RecyclerView$ItemAnimator$ItemHolderInfo popFromPostLayout(android.support.v7.widget.RecyclerView$ViewHolder) -> c
    android.support.v7.widget.RecyclerView$ItemAnimator$ItemHolderInfo popFromLayoutStep(android.support.v7.widget.RecyclerView$ViewHolder,int) -> a
    void addToOldChangeHolders(long,android.support.v7.widget.RecyclerView$ViewHolder) -> a
    void addToAppearedInPreLayoutHolders(android.support.v7.widget.RecyclerView$ViewHolder,android.support.v7.widget.RecyclerView$ItemAnimator$ItemHolderInfo) -> b
    boolean isInPreLayout(android.support.v7.widget.RecyclerView$ViewHolder) -> d
    android.support.v7.widget.RecyclerView$ViewHolder getFromOldChangeHolders(long) -> a
    void addToPostLayout(android.support.v7.widget.RecyclerView$ViewHolder,android.support.v7.widget.RecyclerView$ItemAnimator$ItemHolderInfo) -> c
android.support.v7.widget.ViewInfoStore$InfoRecord -> android.support.v7.widget.bw$a:
    int flags -> a
    android.support.v7.widget.RecyclerView$ItemAnimator$ItemHolderInfo preInfo -> b
    android.support.v7.widget.RecyclerView$ItemAnimator$ItemHolderInfo postInfo -> c
    android.support.v4.util.Pools$Pool sPool -> d
    void <init>() -> <init>
    android.support.v7.widget.ViewInfoStore$InfoRecord obtain() -> a
    void recycle(android.support.v7.widget.ViewInfoStore$InfoRecord) -> a
    void drainCache() -> b
    void <clinit>() -> <clinit>
android.support.v7.widget.ViewInfoStore$ProcessCallback -> android.support.v7.widget.bw$b:
    void processDisappeared(android.support.v7.widget.RecyclerView$ViewHolder,android.support.v7.widget.RecyclerView$ItemAnimator$ItemHolderInfo,android.support.v7.widget.RecyclerView$ItemAnimator$ItemHolderInfo) -> a
    void processAppeared(android.support.v7.widget.RecyclerView$ViewHolder,android.support.v7.widget.RecyclerView$ItemAnimator$ItemHolderInfo,android.support.v7.widget.RecyclerView$ItemAnimator$ItemHolderInfo) -> b
    void processPersistent(android.support.v7.widget.RecyclerView$ViewHolder,android.support.v7.widget.RecyclerView$ItemAnimator$ItemHolderInfo,android.support.v7.widget.RecyclerView$ItemAnimator$ItemHolderInfo) -> c
    void unused(android.support.v7.widget.RecyclerView$ViewHolder) -> a