app/build/outputs/mapping/release/usage.txt
com.bactrack.backtrack_mobile.bactrackandroidsdkdemo.BuildConfig
com.bactrack.backtrack_mobile.bactrackandroidsdkdemo.CircleDisplay:
    private static final java.lang.String LOG_TAG
    public static final int PAINT_TEXT
    public static final int PAINT_ARC
    public static final int PAINT_INNER
    379:379:public boolean isDrawInnerCircleEnabled()
    397:397:public boolean isDrawTextEnabled()
    483:494:public void setPaint(int,android.graphics.Paint)
    545:545:public boolean isTouchEnabled()
    732:732:public float getValueForAngle(float)
com.bactrack.backtrack_mobile.bactrackandroidsdkdemo.CircleDisplay$SelectionListener:
    public abstract void onSelectionUpdate(float,float)
com.bactrack.backtrack_mobile.bactrackandroidsdkdemo.CircleDisplay$Utils:
    794:794:public CircleDisplay$Utils()
com.bactrack.backtrack_mobile.bactrackandroidsdkdemo.DBHandler:
    private static final int DATABASE_VERSION
    public static final java.lang.String DATABASE_NAME
    private static final java.lang.String TABLE_DRINKS
    private static final java.lang.String TABLE_BODY
    private static final java.lang.String KEY_ID
    private static final java.lang.String KEY_DATE
    private static final java.lang.String KEY_NUMBEERS
    private static final java.lang.String KEY_NUMWINES
    private static final java.lang.String KEY_NUMDRINKS
    private static final java.lang.String KEY_NUMSHOTS
    private static final java.lang.String KEY_BAC
    private static final java.lang.String KEY_FOOD
    private static final java.lang.String KEY_SYMPTOM
    106:118:public com.bactrack.backtrack_mobile.bactrackandroidsdkdemo.DrinkEvent getDrink(int)
    284:296:public int updateDrink(com.bactrack.backtrack_mobile.bactrackandroidsdkdemo.DrinkEvent)
    310:314:public void deleteBody(java.lang.Integer)
    318:321:public void deleteDrinksTable()
    325:328:public void deleteBodyTable()
com.bactrack.backtrack_mobile.bactrackandroidsdkdemo.FirstScreen:
    private static final byte PERMISSIONS_FOR_SCAN
    private android.widget.TextView batteryLevelTextView
    android.widget.Button button
    private java.lang.String currentMonday
com.bactrack.backtrack_mobile.bactrackandroidsdkdemo.FirstScreen$23:
    1778:1778:public void BACtrackAPIKeyAuthorized()
com.bactrack.backtrack_mobile.bactrackandroidsdkdemo.MainActivity:
    private static final byte PERMISSIONS_FOR_SCAN
    boolean checkedC
    android.widget.RadioGroup radioC
    android.widget.LinearLayout layouti
com.bactrack.backtrack_mobile.bactrackandroidsdkdemo.R
com.bactrack.backtrack_mobile.bactrackandroidsdkdemo.R$anim
com.bactrack.backtrack_mobile.bactrackandroidsdkdemo.R$animator
com.bactrack.backtrack_mobile.bactrackandroidsdkdemo.R$attr
com.bactrack.backtrack_mobile.bactrackandroidsdkdemo.R$bool
com.bactrack.backtrack_mobile.bactrackandroidsdkdemo.R$color
com.bactrack.backtrack_mobile.bactrackandroidsdkdemo.R$dimen
com.bactrack.backtrack_mobile.bactrackandroidsdkdemo.R$drawable
com.bactrack.backtrack_mobile.bactrackandroidsdkdemo.R$id
com.bactrack.backtrack_mobile.bactrackandroidsdkdemo.R$integer
com.bactrack.backtrack_mobile.bactrackandroidsdkdemo.R$layout
com.bactrack.backtrack_mobile.bactrackandroidsdkdemo.R$menu
com.bactrack.backtrack_mobile.bactrackandroidsdkdemo.R$string
com.bactrack.backtrack_mobile.bactrackandroidsdkdemo.R$style
com.bactrack.backtrack_mobile.bactrackandroidsdkdemo.R$styleable
...
android.support.transition.ArcMotion
android.support.transition.AutoTransition:
    42:44:public AutoTransition(android.content.Context,android.util.AttributeSet)
android.support.transition.ChangeBounds:
    private static final java.lang.String PROPNAME_BOUNDS
    private static final java.lang.String PROPNAME_CLIP
    private static final java.lang.String PROPNAME_PARENT
    private static final java.lang.String PROPNAME_WINDOW_X
    private static final java.lang.String PROPNAME_WINDOW_Y
    162:179:public ChangeBounds(android.content.Context,android.util.AttributeSet)
    201:202:public void setResizeClip(boolean)
    212:212:public boolean getResizeClip()
android.support.transition.ChangeBounds$9:
    395:397:public void onTransitionCancel(android.support.transition.Transition)
android.support.transition.ChangeClipBounds
android.support.transition.ChangeClipBounds$1
android.support.transition.ChangeImageTransform
android.support.transition.ChangeImageTransform$1
android.support.transition.ChangeImageTransform$2
android.support.transition.ChangeImageTransform$3
android.support.transition.ChangeScroll
android.support.transition.ChangeTransform
android.support.transition.ChangeTransform$1
android.support.transition.ChangeTransform$2
android.support.transition.ChangeTransform$3
android.support.transition.ChangeTransform$GhostListener
android.support.transition.ChangeTransform$PathAnimatorMatrix
android.support.transition.ChangeTransform$Transforms
android.support.transition.CircularPropagation
android.support.transition.Explode
android.support.transition.Fade:
    private static final java.lang.String PROPNAME_TRANSITION_ALPHA
    private static final java.lang.String LOG_TAG
    public static final int IN
    public static final int OUT
    100:107:public Fade(android.content.Context,android.util.AttributeSet)
android.support.transition.FloatArrayEvaluator
android.support.transition.FragmentTransitionSupport$1:
    90:90:public android.graphics.Rect onGetEpicenter(android.support.transition.Transition)
android.support.transition.FragmentTransitionSupport$2:
    164:164:public void onTransitionCancel(android.support.transition.Transition)
android.support.transition.FragmentTransitionSupport$3:
    238:238:public void onTransitionCancel(android.support.transition.Transition)
android.support.transition.FragmentTransitionSupport$4:
    311:314:public android.graphics.Rect onGetEpicenter(android.support.transition.Transition)
android.support.transition.GhostViewApi14
android.support.transition.GhostViewApi14$1
android.support.transition.GhostViewApi14$Creator
android.support.transition.GhostViewApi21
android.support.transition.GhostViewApi21$1
android.support.transition.GhostViewApi21$Creator
android.support.transition.GhostViewImpl
android.support.transition.GhostViewImpl$Creator
android.support.transition.GhostViewUtils
android.support.transition.ImageViewUtils
android.support.transition.ImageViewUtilsApi14
android.support.transition.ImageViewUtilsApi14$1
android.support.transition.ImageViewUtilsApi21
android.support.transition.ImageViewUtilsImpl
android.support.transition.MatrixUtils
android.support.transition.MatrixUtils$1
android.support.transition.ObjectAnimatorUtils:
    25:25:ObjectAnimatorUtils()
android.support.transition.PathMotion:
    46:47:public PathMotion(android.content.Context,android.util.AttributeSet)
android.support.transition.PatternPathMotion
android.support.transition.PropertyValuesHolderUtils:
    25:25:PropertyValuesHolderUtils()
android.support.transition.R:
    9:9:public R()
android.support.transition.R$attr
android.support.transition.R$bool
android.support.transition.R$color
android.support.transition.R$dimen
android.support.transition.R$drawable
android.support.transition.R$id:
    66:66:public R$id()
android.support.transition.R$integer
android.support.transition.R$layout
android.support.transition.R$string
android.support.transition.R$style
android.support.transition.R$styleable